{"/Users/rafael.montero/Repos/reforzamiento-react-typescript/03-gifs-app/src/GifsApp.tsx": {"path":"/Users/rafael.montero/Repos/reforzamiento-react-typescript/03-gifs-app/src/GifsApp.tsx","statementMap":{"0":{"start":{"line":7,"column":13},"end":{"line":22,"column":null}},"1":{"start":{"line":8,"column":49},"end":{"line":8,"column":75}},"2":{"start":{"line":10,"column":2},"end":{"line":22,"column":null}}},"fnMap":{"0":{"name":"(anonymous_0)","decl":{"start":{"line":7,"column":13},"end":{"line":7,"column":29}},"loc":{"start":{"line":7,"column":29},"end":{"line":22,"column":null}},"line":7}},"branchMap":{},"s":{"0":1,"1":1,"2":1},"f":{"0":1},"b":{},"meta":{"lastBranch":0,"lastFunction":1,"lastStatement":3,"seen":{"s:7:13:22:Infinity":0,"f:7:13:7:29":0,"s:8:49:8:75":1,"s:10:2:22:Infinity":2}}}
,"/Users/rafael.montero/Repos/reforzamiento-react-typescript/03-gifs-app/src/counter/components/MyCounterApp.tsx": {"path":"/Users/rafael.montero/Repos/reforzamiento-react-typescript/03-gifs-app/src/counter/components/MyCounterApp.tsx","statementMap":{"0":{"start":{"line":3,"column":13},"end":{"line":19,"column":null}},"1":{"start":{"line":4,"column":46},"end":{"line":4,"column":76}},"2":{"start":{"line":6,"column":2},"end":{"line":19,"column":null}}},"fnMap":{"0":{"name":"(anonymous_0)","decl":{"start":{"line":3,"column":13},"end":{"line":3,"column":34}},"loc":{"start":{"line":3,"column":34},"end":{"line":19,"column":null}},"line":3}},"branchMap":{},"s":{"0":2,"1":5,"2":5},"f":{"0":5},"b":{},"meta":{"lastBranch":0,"lastFunction":1,"lastStatement":3,"seen":{"s:3:13:19:Infinity":0,"f:3:13:3:34":0,"s:4:46:4:76":1,"s:6:2:19:Infinity":2}}}
,"/Users/rafael.montero/Repos/reforzamiento-react-typescript/03-gifs-app/src/counter/hooks/useCounter.tsx": {"path":"/Users/rafael.montero/Repos/reforzamiento-react-typescript/03-gifs-app/src/counter/hooks/useCounter.tsx","statementMap":{"0":{"start":{"line":3,"column":13},"end":{"line":18,"column":null}},"1":{"start":{"line":4,"column":18},"end":{"line":4,"column":54}},"2":{"start":{"line":6,"column":8},"end":{"line":7,"column":null}},"3":{"start":{"line":7,"column":4},"end":{"line":7,"column":null}},"4":{"start":{"line":10,"column":8},"end":{"line":11,"column":null}},"5":{"start":{"line":11,"column":4},"end":{"line":11,"column":null}},"6":{"start":{"line":11,"column":30},"end":{"line":11,"column":44}},"7":{"start":{"line":14,"column":8},"end":{"line":15,"column":null}},"8":{"start":{"line":15,"column":4},"end":{"line":15,"column":null}},"9":{"start":{"line":18,"column":2},"end":{"line":18,"column":null}}},"fnMap":{"0":{"name":"(anonymous_0)","decl":{"start":{"line":3,"column":13},"end":{"line":3,"column":27}},"loc":{"start":{"line":3,"column":56},"end":{"line":18,"column":null}},"line":3},"1":{"name":"(anonymous_1)","decl":{"start":{"line":6,"column":8},"end":{"line":6,"column":26}},"loc":{"start":{"line":6,"column":26},"end":{"line":7,"column":null}},"line":6},"2":{"name":"(anonymous_2)","decl":{"start":{"line":10,"column":8},"end":{"line":10,"column":31}},"loc":{"start":{"line":10,"column":31},"end":{"line":11,"column":null}},"line":10},"3":{"name":"(anonymous_3)","decl":{"start":{"line":11,"column":4},"end":{"line":11,"column":16}},"loc":{"start":{"line":11,"column":30},"end":{"line":11,"column":44}},"line":11},"4":{"name":"(anonymous_4)","decl":{"start":{"line":14,"column":8},"end":{"line":14,"column":28}},"loc":{"start":{"line":14,"column":28},"end":{"line":15,"column":null}},"line":14}},"branchMap":{"0":{"loc":{"start":{"line":3,"column":27},"end":{"line":3,"column":56}},"type":"default-arg","locations":[{"start":{"line":3,"column":50},"end":{"line":3,"column":56}}],"line":3}},"s":{"0":2,"1":10,"2":10,"3":4,"4":10,"5":1,"6":1,"7":10,"8":1,"9":10},"f":{"0":10,"1":4,"2":1,"3":1,"4":1},"b":{"0":[10]},"meta":{"lastBranch":1,"lastFunction":5,"lastStatement":10,"seen":{"s:3:13:18:Infinity":0,"f:3:13:3:27":0,"b:3:50:3:56":0,"s:4:18:4:54":1,"s:6:8:7:Infinity":2,"f:6:8:6:26":1,"s:7:4:7:Infinity":3,"s:10:8:11:Infinity":4,"f:10:8:10:31":2,"s:11:4:11:Infinity":5,"f:11:4:11:16":3,"s:11:30:11:44":6,"s:14:8:15:Infinity":7,"f:14:8:14:28":4,"s:15:4:15:Infinity":8,"s:18:2:18:Infinity":9}}}
,"/Users/rafael.montero/Repos/reforzamiento-react-typescript/03-gifs-app/src/gifs/actions/get-gifs-by-query-action.ts": {"path":"/Users/rafael.montero/Repos/reforzamiento-react-typescript/03-gifs-app/src/gifs/actions/get-gifs-by-query-action.ts","statementMap":{"0":{"start":{"line":5,"column":30},"end":{"line":29,"column":null}},"1":{"start":{"line":7,"column":4},"end":{"line":8,"column":null}},"2":{"start":{"line":8,"column":8},"end":{"line":8,"column":null}},"3":{"start":{"line":11,"column":4},"end":{"line":29,"column":null}},"4":{"start":{"line":12,"column":24},"end":{"line":17,"column":6}},"5":{"start":{"line":20,"column":4},"end":{"line":26,"column":null}},"6":{"start":{"line":20,"column":44},"end":{"line":26,"column":7}},"7":{"start":{"line":28,"column":8},"end":{"line":28,"column":null}},"8":{"start":{"line":29,"column":8},"end":{"line":29,"column":null}}},"fnMap":{"0":{"name":"(anonymous_0)","decl":{"start":{"line":5,"column":30},"end":{"line":5,"column":37}},"loc":{"start":{"line":5,"column":71},"end":{"line":29,"column":null}},"line":5},"1":{"name":"(anonymous_1)","decl":{"start":{"line":20,"column":30},"end":{"line":20,"column":35}},"loc":{"start":{"line":20,"column":44},"end":{"line":26,"column":7}},"line":20}},"branchMap":{"0":{"loc":{"start":{"line":7,"column":4},"end":{"line":8,"column":null}},"type":"if","locations":[{"start":{"line":7,"column":4},"end":{"line":8,"column":null}},{"start":{},"end":{}}],"line":7}},"s":{"0":3,"1":6,"2":1,"3":5,"4":5,"5":4,"6":55,"7":1,"8":1},"f":{"0":6,"1":55},"b":{"0":[1,5]},"meta":{"lastBranch":1,"lastFunction":2,"lastStatement":9,"seen":{"s:5:30:29:Infinity":0,"f:5:30:5:37":0,"b:7:4:8:Infinity:undefined:undefined:undefined:undefined":0,"s:7:4:8:Infinity":1,"s:8:8:8:Infinity":2,"s:11:4:29:Infinity":3,"s:12:24:17:6":4,"s:20:4:26:Infinity":5,"f:20:30:20:35":1,"s:20:44:26:7":6,"s:28:8:28:Infinity":7,"s:29:8:29:Infinity":8}}}
,"/Users/rafael.montero/Repos/reforzamiento-react-typescript/03-gifs-app/src/gifs/api/giphy.api.ts": {"path":"/Users/rafael.montero/Repos/reforzamiento-react-typescript/03-gifs-app/src/gifs/api/giphy.api.ts","statementMap":{"0":{"start":{"line":3,"column":17},"end":{"line":9,"column":2}}},"fnMap":{},"branchMap":{},"s":{"0":4},"f":{},"b":{},"meta":{"lastBranch":0,"lastFunction":0,"lastStatement":1,"seen":{"s:3:17:9:2":0}}}
,"/Users/rafael.montero/Repos/reforzamiento-react-typescript/03-gifs-app/src/gifs/components/GifList.tsx": {"path":"/Users/rafael.montero/Repos/reforzamiento-react-typescript/03-gifs-app/src/gifs/components/GifList.tsx","statementMap":{"0":{"start":{"line":6,"column":13},"end":{"line":18,"column":null}},"1":{"start":{"line":7,"column":2},"end":{"line":18,"column":null}},"2":{"start":{"line":10,"column":8},"end":{"line":16,"column":null}}},"fnMap":{"0":{"name":"(anonymous_0)","decl":{"start":{"line":6,"column":13},"end":{"line":6,"column":24}},"loc":{"start":{"line":6,"column":44},"end":{"line":18,"column":null}},"line":6},"1":{"name":"(anonymous_1)","decl":{"start":{"line":9,"column":12},"end":{"line":9,"column":17}},"loc":{"start":{"line":10,"column":8},"end":{"line":16,"column":null}},"line":10}},"branchMap":{},"s":{"0":1,"1":1,"2":0},"f":{"0":1,"1":0},"b":{},"meta":{"lastBranch":0,"lastFunction":2,"lastStatement":3,"seen":{"s:6:13:18:Infinity":0,"f:6:13:6:24":0,"s:7:2:18:Infinity":1,"f:9:12:9:17":1,"s:10:8:16:Infinity":2}}}
,"/Users/rafael.montero/Repos/reforzamiento-react-typescript/03-gifs-app/src/gifs/hooks/useGifs.tsx": {"path":"/Users/rafael.montero/Repos/reforzamiento-react-typescript/03-gifs-app/src/gifs/hooks/useGifs.tsx","statementMap":{"0":{"start":{"line":5,"column":13},"end":{"line":36,"column":null}},"1":{"start":{"line":6,"column":15},"end":{"line":6,"column":45}},"2":{"start":{"line":7,"column":23},"end":{"line":7,"column":64}},"3":{"start":{"line":9,"column":8},"end":{"line":9,"column":53}},"4":{"start":{"line":11,"column":28},"end":{"line":19,"column":null}},"5":{"start":{"line":12,"column":4},"end":{"line":14,"column":null}},"6":{"start":{"line":13,"column":6},"end":{"line":13,"column":null}},"7":{"start":{"line":14,"column":6},"end":{"line":14,"column":null}},"8":{"start":{"line":17,"column":17},"end":{"line":17,"column":43}},"9":{"start":{"line":18,"column":4},"end":{"line":18,"column":null}},"10":{"start":{"line":19,"column":4},"end":{"line":19,"column":null}},"11":{"start":{"line":22,"column":23},"end":{"line":34,"column":null}},"12":{"start":{"line":23,"column":4},"end":{"line":23,"column":null}},"13":{"start":{"line":25,"column":4},"end":{"line":25,"column":null}},"14":{"start":{"line":25,"column":28},"end":{"line":25,"column":null}},"15":{"start":{"line":27,"column":4},"end":{"line":27,"column":null}},"16":{"start":{"line":27,"column":38},"end":{"line":27,"column":null}},"17":{"start":{"line":29,"column":4},"end":{"line":29,"column":null}},"18":{"start":{"line":31,"column":17},"end":{"line":31,"column":44}},"19":{"start":{"line":32,"column":4},"end":{"line":32,"column":null}},"20":{"start":{"line":34,"column":4},"end":{"line":34,"column":null}},"21":{"start":{"line":36,"column":2},"end":{"line":36,"column":null}}},"fnMap":{"0":{"name":"(anonymous_0)","decl":{"start":{"line":5,"column":13},"end":{"line":5,"column":29}},"loc":{"start":{"line":5,"column":29},"end":{"line":36,"column":null}},"line":5},"1":{"name":"(anonymous_1)","decl":{"start":{"line":11,"column":28},"end":{"line":11,"column":35}},"loc":{"start":{"line":11,"column":52},"end":{"line":19,"column":null}},"line":11},"2":{"name":"(anonymous_2)","decl":{"start":{"line":22,"column":23},"end":{"line":22,"column":30}},"loc":{"start":{"line":22,"column":53},"end":{"line":34,"column":null}},"line":22}},"branchMap":{"0":{"loc":{"start":{"line":12,"column":4},"end":{"line":14,"column":null}},"type":"if","locations":[{"start":{"line":12,"column":4},"end":{"line":14,"column":null}},{"start":{},"end":{}}],"line":12},"1":{"loc":{"start":{"line":22,"column":30},"end":{"line":22,"column":53}},"type":"default-arg","locations":[{"start":{"line":22,"column":46},"end":{"line":22,"column":53}}],"line":22},"2":{"loc":{"start":{"line":25,"column":4},"end":{"line":25,"column":null}},"type":"if","locations":[{"start":{"line":25,"column":4},"end":{"line":25,"column":null}},{"start":{},"end":{}}],"line":25},"3":{"loc":{"start":{"line":27,"column":4},"end":{"line":27,"column":null}},"type":"if","locations":[{"start":{"line":27,"column":4},"end":{"line":27,"column":null}},{"start":{},"end":{}}],"line":27}},"s":{"0":2,"1":17,"2":17,"3":17,"4":17,"5":2,"6":0,"7":0,"8":2,"9":2,"10":2,"11":17,"12":9,"13":9,"14":0,"15":9,"16":0,"17":9,"18":9,"19":9,"20":9,"21":17},"f":{"0":17,"1":2,"2":9},"b":{"0":[0,2],"1":[9],"2":[0,9],"3":[0,9]},"meta":{"lastBranch":4,"lastFunction":3,"lastStatement":22,"seen":{"s:5:13:36:Infinity":0,"f:5:13:5:29":0,"s:6:15:6:45":1,"s:7:23:7:64":2,"s:9:8:9:53":3,"s:11:28:19:Infinity":4,"f:11:28:11:35":1,"b:12:4:14:Infinity:undefined:undefined:undefined:undefined":0,"s:12:4:14:Infinity":5,"s:13:6:13:Infinity":6,"s:14:6:14:Infinity":7,"s:17:17:17:43":8,"s:18:4:18:Infinity":9,"s:19:4:19:Infinity":10,"s:22:23:34:Infinity":11,"f:22:23:22:30":2,"b:22:46:22:53":1,"s:23:4:23:Infinity":12,"b:25:4:25:Infinity:undefined:undefined:undefined:undefined":2,"s:25:4:25:Infinity":13,"s:25:28:25:Infinity":14,"b:27:4:27:Infinity:undefined:undefined:undefined:undefined":3,"s:27:4:27:Infinity":15,"s:27:38:27:Infinity":16,"s:29:4:29:Infinity":17,"s:31:17:31:44":18,"s:32:4:32:Infinity":19,"s:34:4:34:Infinity":20,"s:36:2:36:Infinity":21}}}
,"/Users/rafael.montero/Repos/reforzamiento-react-typescript/03-gifs-app/src/shared/components/CustomHeader.tsx": {"path":"/Users/rafael.montero/Repos/reforzamiento-react-typescript/03-gifs-app/src/shared/components/CustomHeader.tsx","statementMap":{"0":{"start":{"line":6,"column":6},"end":{"line":10,"column":null}},"1":{"start":{"line":7,"column":2},"end":{"line":10,"column":null}}},"fnMap":{"0":{"name":"(anonymous_0)","decl":{"start":{"line":6,"column":6},"end":{"line":6,"column":22}},"loc":{"start":{"line":6,"column":56},"end":{"line":10,"column":null}},"line":6}},"branchMap":{"0":{"loc":{"start":{"line":10,"column":9},"end":{"line":10,"column":null}},"type":"binary-expr","locations":[{"start":{"line":10,"column":9},"end":{"line":10,"column":24}},{"start":{"line":10,"column":24},"end":{"line":10,"column":null}}],"line":10}},"s":{"0":2,"1":2},"f":{"0":2},"b":{"0":[2,2]},"meta":{"lastBranch":1,"lastFunction":1,"lastStatement":2,"seen":{"s:6:6:10:Infinity":0,"f:6:6:6:22":0,"s:7:2:10:Infinity":1,"b:10:9:10:24:10:24:10:Infinity":0}}}
,"/Users/rafael.montero/Repos/reforzamiento-react-typescript/03-gifs-app/src/shared/components/PreviousSearches.tsx": {"path":"/Users/rafael.montero/Repos/reforzamiento-react-typescript/03-gifs-app/src/shared/components/PreviousSearches.tsx","statementMap":{"0":{"start":{"line":7,"column":13},"end":{"line":17,"column":null}},"1":{"start":{"line":8,"column":2},"end":{"line":17,"column":null}},"2":{"start":{"line":13,"column":10},"end":{"line":15,"column":null}},"3":{"start":{"line":13,"column":40},"end":{"line":13,"column":60}}},"fnMap":{"0":{"name":"(anonymous_0)","decl":{"start":{"line":7,"column":13},"end":{"line":7,"column":33}},"loc":{"start":{"line":7,"column":73},"end":{"line":17,"column":null}},"line":7},"1":{"name":"(anonymous_1)","decl":{"start":{"line":12,"column":18},"end":{"line":12,"column":23}},"loc":{"start":{"line":13,"column":10},"end":{"line":15,"column":null}},"line":13},"2":{"name":"(anonymous_2)","decl":{"start":{"line":13,"column":25},"end":{"line":13,"column":40}},"loc":{"start":{"line":13,"column":40},"end":{"line":13,"column":60}},"line":13}},"branchMap":{},"s":{"0":1,"1":1,"2":0,"3":0},"f":{"0":1,"1":0,"2":0},"b":{},"meta":{"lastBranch":0,"lastFunction":3,"lastStatement":4,"seen":{"s:7:13:17:Infinity":0,"f:7:13:7:33":0,"s:8:2:17:Infinity":1,"f:12:18:12:23":1,"s:13:10:15:Infinity":2,"f:13:25:13:40":2,"s:13:40:13:60":3}}}
,"/Users/rafael.montero/Repos/reforzamiento-react-typescript/03-gifs-app/src/shared/components/SearchBar.tsx": {"path":"/Users/rafael.montero/Repos/reforzamiento-react-typescript/03-gifs-app/src/shared/components/SearchBar.tsx","statementMap":{"0":{"start":{"line":8,"column":13},"end":{"line":44,"column":null}},"1":{"start":{"line":12,"column":16},"end":{"line":12,"column":40}},"2":{"start":{"line":14,"column":2},"end":{"line":22,"column":null}},"3":{"start":{"line":15,"column":22},"end":{"line":17,"column":11}},"4":{"start":{"line":16,"column":6},"end":{"line":16,"column":null}},"5":{"start":{"line":19,"column":4},"end":{"line":20,"column":null}},"6":{"start":{"line":20,"column":6},"end":{"line":20,"column":null}},"7":{"start":{"line":24,"column":8},"end":{"line":26,"column":null}},"8":{"start":{"line":25,"column":4},"end":{"line":25,"column":null}},"9":{"start":{"line":26,"column":4},"end":{"line":26,"column":null}},"10":{"start":{"line":29,"column":2},"end":{"line":44,"column":null}},"11":{"start":{"line":36,"column":10},"end":{"line":36,"column":32}},"12":{"start":{"line":39,"column":10},"end":{"line":40,"column":null}},"13":{"start":{"line":40,"column":12},"end":{"line":40,"column":null}}},"fnMap":{"0":{"name":"(anonymous_0)","decl":{"start":{"line":8,"column":13},"end":{"line":8,"column":26}},"loc":{"start":{"line":11,"column":13},"end":{"line":44,"column":null}},"line":11},"1":{"name":"(anonymous_1)","decl":{"start":{"line":14,"column":2},"end":{"line":14,"column":18}},"loc":{"start":{"line":14,"column":18},"end":{"line":22,"column":6}},"line":14},"2":{"name":"(anonymous_2)","decl":{"start":{"line":15,"column":22},"end":{"line":15,"column":39}},"loc":{"start":{"line":15,"column":39},"end":{"line":17,"column":11}},"line":15},"3":{"name":"(anonymous_3)","decl":{"start":{"line":19,"column":4},"end":{"line":19,"column":17}},"loc":{"start":{"line":19,"column":17},"end":{"line":20,"column":null}},"line":19},"4":{"name":"(anonymous_4)","decl":{"start":{"line":24,"column":8},"end":{"line":24,"column":29}},"loc":{"start":{"line":24,"column":29},"end":{"line":26,"column":null}},"line":24},"5":{"name":"(anonymous_5)","decl":{"start":{"line":35,"column":8},"end":{"line":35,"column":19}},"loc":{"start":{"line":36,"column":10},"end":{"line":36,"column":32}},"line":36},"6":{"name":"(anonymous_6)","decl":{"start":{"line":38,"column":8},"end":{"line":38,"column":20}},"loc":{"start":{"line":38,"column":49},"end":{"line":40,"column":null}},"line":38}},"branchMap":{"0":{"loc":{"start":{"line":9,"column":2},"end":{"line":9,"column":null}},"type":"default-arg","locations":[{"start":{"line":9,"column":16},"end":{"line":9,"column":null}}],"line":9},"1":{"loc":{"start":{"line":39,"column":10},"end":{"line":40,"column":null}},"type":"if","locations":[{"start":{"line":39,"column":10},"end":{"line":40,"column":null}},{"start":{},"end":{}}],"line":39}},"s":{"0":2,"1":13,"2":13,"3":13,"4":2,"5":13,"6":13,"7":13,"8":1,"9":1,"10":13,"11":6,"12":0,"13":0},"f":{"0":13,"1":13,"2":2,"3":13,"4":1,"5":6,"6":0},"b":{"0":[13],"1":[0,0]},"meta":{"lastBranch":2,"lastFunction":7,"lastStatement":14,"seen":{"s:8:13:44:Infinity":0,"f:8:13:8:26":0,"b:9:16:9:Infinity":0,"s:12:16:12:40":1,"s:14:2:22:Infinity":2,"f:14:2:14:18":1,"s:15:22:17:11":3,"f:15:22:15:39":2,"s:16:6:16:Infinity":4,"s:19:4:20:Infinity":5,"f:19:4:19:17":3,"s:20:6:20:Infinity":6,"s:24:8:26:Infinity":7,"f:24:8:24:29":4,"s:25:4:25:Infinity":8,"s:26:4:26:Infinity":9,"s:29:2:44:Infinity":10,"f:35:8:35:19":5,"s:36:10:36:32":11,"f:38:8:38:20":6,"b:39:10:40:Infinity:undefined:undefined:undefined:undefined":1,"s:39:10:40:Infinity":12,"s:40:12:40:Infinity":13}}}
,"/Users/rafael.montero/Repos/reforzamiento-react-typescript/03-gifs-app/src/tests/mocks/gifs.response.data.ts": {"path":"/Users/rafael.montero/Repos/reforzamiento-react-typescript/03-gifs-app/src/tests/mocks/gifs.response.data.ts","statementMap":{"0":{"start":{"line":1,"column":39},"end":{"line":2875,"column":null}}},"fnMap":{},"branchMap":{},"s":{"0":1},"f":{},"b":{},"meta":{"lastBranch":0,"lastFunction":0,"lastStatement":1,"seen":{"s:1:39:2875:Infinity":0}}}
}
